<?xml version="1.0" encoding="UTF-8"?>
<!-- Generated by org.testng.reporters.JUnitReportReporter -->
<testsuite skipped="0" hostname="Workstation" name="com.blusmart.driver.TestRunner" tests="1" failures="0" timestamp="2022-04-17T16:24:09 IST" time="3.960" errors="0">
  <testcase name="feature" time="3.960" classname="com.blusmart.driver.TestRunner"/>
  <system-out/>
</testsuite> <!-- com.blusmart.driver.TestRunner -->
